<?xml version="1.0" encoding="UTF-8"?>
<testng-results ignored="0" total="3" passed="2" failed="1" skipped="0">
  <reporter-output>
  </reporter-output>
  <suite started-at="2025-11-23T15:30:06 IST" name="Suite" finished-at="2025-11-23T15:30:35 IST" duration-ms="29636">
    <groups>
      <group name="Master">
        <method signature="TC001_VerifyAccountRegistrationTest.verifyAccountRegistration()[pri:0, instance:TestCases.TC001_VerifyAccountRegistrationTest@ab7395e]" name="verifyAccountRegistration" class="TestCases.TC001_VerifyAccountRegistrationTest"/>
        <method signature="TC001_VerifyAccountRegistrationTest.verifyAccountRegistration()[pri:0, instance:TestCases.TC001_VerifyAccountRegistrationTest@6eb2384f]" name="verifyAccountRegistration" class="TestCases.TC001_VerifyAccountRegistrationTest"/>
        <method signature="TC001_VerifyAccountRegistrationTest.verifyAccountRegistration()[pri:0, instance:TestCases.TC001_VerifyAccountRegistrationTest@3a4621bd]" name="verifyAccountRegistration" class="TestCases.TC001_VerifyAccountRegistrationTest"/>
      </group> <!-- Master -->
      <group name="Sanity">
        <method signature="TC001_VerifyAccountRegistrationTest.verifyAccountRegistration()[pri:0, instance:TestCases.TC001_VerifyAccountRegistrationTest@ab7395e]" name="verifyAccountRegistration" class="TestCases.TC001_VerifyAccountRegistrationTest"/>
        <method signature="TC001_VerifyAccountRegistrationTest.verifyAccountRegistration()[pri:0, instance:TestCases.TC001_VerifyAccountRegistrationTest@6eb2384f]" name="verifyAccountRegistration" class="TestCases.TC001_VerifyAccountRegistrationTest"/>
        <method signature="TC001_VerifyAccountRegistrationTest.verifyAccountRegistration()[pri:0, instance:TestCases.TC001_VerifyAccountRegistrationTest@3a4621bd]" name="verifyAccountRegistration" class="TestCases.TC001_VerifyAccountRegistrationTest"/>
      </group> <!-- Sanity -->
    </groups>
    <test started-at="2025-11-23T15:30:06 IST" name="Chrome Test" finished-at="2025-11-23T15:30:20 IST" duration-ms="13988">
      <class name="TestCases.TC001_VerifyAccountRegistrationTest">
        <test-method is-config="true" signature="setup(java.lang.String,java.lang.String)[pri:0, instance:TestCases.TC001_VerifyAccountRegistrationTest@ab7395e]" started-at="2025-11-23T15:30:06 IST" name="setup" finished-at="2025-11-23T15:30:13 IST" duration-ms="6738" status="PASS">
          <params>
            <param index="0">
              <value>
                <![CDATA[windows]]>
              </value>
            </param>
            <param index="1">
              <value>
                <![CDATA[chrome]]>
              </value>
            </param>
          </params>
          <reporter-output>
          </reporter-output>
        </test-method> <!-- setup -->
        <test-method signature="verifyAccountRegistration()[pri:0, instance:TestCases.TC001_VerifyAccountRegistrationTest@ab7395e]" started-at="2025-11-23T15:30:13 IST" name="verifyAccountRegistration" finished-at="2025-11-23T15:30:19 IST" duration-ms="6916" status="PASS">
          <reporter-output>
          </reporter-output>
        </test-method> <!-- verifyAccountRegistration -->
        <test-method is-config="true" signature="tearDown()[pri:0, instance:TestCases.TC001_VerifyAccountRegistrationTest@ab7395e]" started-at="2025-11-23T15:30:19 IST" name="tearDown" finished-at="2025-11-23T15:30:20 IST" duration-ms="279" status="PASS">
          <reporter-output>
          </reporter-output>
        </test-method> <!-- tearDown -->
      </class> <!-- TestCases.TC001_VerifyAccountRegistrationTest -->
    </test> <!-- Chrome Test -->
    <test started-at="2025-11-23T15:30:20 IST" name="Edge Test" finished-at="2025-11-23T15:30:30 IST" duration-ms="10195">
      <class name="TestCases.TC001_VerifyAccountRegistrationTest">
        <test-method is-config="true" signature="setup(java.lang.String,java.lang.String)[pri:0, instance:TestCases.TC001_VerifyAccountRegistrationTest@6eb2384f]" started-at="2025-11-23T15:30:20 IST" name="setup" finished-at="2025-11-23T15:30:26 IST" duration-ms="5749" status="PASS">
          <params>
            <param index="0">
              <value>
                <![CDATA[windows]]>
              </value>
            </param>
            <param index="1">
              <value>
                <![CDATA[edge]]>
              </value>
            </param>
          </params>
          <reporter-output>
          </reporter-output>
        </test-method> <!-- setup -->
        <test-method signature="verifyAccountRegistration()[pri:0, instance:TestCases.TC001_VerifyAccountRegistrationTest@6eb2384f]" started-at="2025-11-23T15:30:26 IST" name="verifyAccountRegistration" finished-at="2025-11-23T15:30:30 IST" duration-ms="4204" status="PASS">
          <reporter-output>
          </reporter-output>
        </test-method> <!-- verifyAccountRegistration -->
        <test-method is-config="true" signature="tearDown()[pri:0, instance:TestCases.TC001_VerifyAccountRegistrationTest@6eb2384f]" started-at="2025-11-23T15:30:30 IST" name="tearDown" finished-at="2025-11-23T15:30:30 IST" duration-ms="222" status="PASS">
          <reporter-output>
          </reporter-output>
        </test-method> <!-- tearDown -->
      </class> <!-- TestCases.TC001_VerifyAccountRegistrationTest -->
    </test> <!-- Edge Test -->
    <test started-at="2025-11-23T15:30:30 IST" name="firefox Test" finished-at="2025-11-23T15:30:35 IST" duration-ms="5421">
      <class name="TestCases.TC001_VerifyAccountRegistrationTest">
        <test-method is-config="true" signature="setup(java.lang.String,java.lang.String)[pri:0, instance:TestCases.TC001_VerifyAccountRegistrationTest@3a4621bd]" started-at="2025-11-23T15:30:30 IST" name="setup" finished-at="2025-11-23T15:30:34 IST" duration-ms="4199" status="PASS">
          <params>
            <param index="0">
              <value>
                <![CDATA[windows]]>
              </value>
            </param>
            <param index="1">
              <value>
                <![CDATA[firefox]]>
              </value>
            </param>
          </params>
          <reporter-output>
          </reporter-output>
        </test-method> <!-- setup -->
        <test-method signature="verifyAccountRegistration()[pri:0, instance:TestCases.TC001_VerifyAccountRegistrationTest@3a4621bd]" started-at="2025-11-23T15:30:34 IST" name="verifyAccountRegistration" finished-at="2025-11-23T15:30:34 IST" duration-ms="52" status="FAIL">
          <exception class="org.openqa.selenium.NoSuchElementException">
            <message>
              <![CDATA[Unable to locate element: //span[normalize-space()='My Account']
For documentation on this error, please visit: https://www.selenium.dev/documentation/webdriver/troubleshooting/errors#nosuchelementexception
Build info: version: '4.38.0', revision: '6b412e825c*'
System info: os.name: 'Windows 11', os.arch: 'amd64', os.version: '10.0', java.version: '17.0.12'
Driver info: org.openqa.selenium.remote.RemoteWebDriver
Command: [5a66fd4d-db5a-42c4-92da-aa5626a4ab0c, findElement {using=xpath, value=//span[normalize-space()='My Account']}]
Capabilities {acceptInsecureCerts: true, browserName: firefox, browserVersion: 143.0.4, moz:accessibilityChecks: false, moz:buildID: 20251003115653, moz:firefoxOptions: {binary: C:\Program Files\Mozilla Fi..., prefs: {remote.active-protocols: 1}}, moz:geckodriverVersion: 0.36.0, moz:headless: false, moz:platformVersion: 10.0, moz:processID: 1780, moz:profile: C:\Users\Sumit\AppData\Loca..., moz:shutdownTimeout: 60000, moz:webdriverClick: true, moz:windowless: false, pageLoadStrategy: normal, platformName: Windows 11, proxy: Proxy(), se:bidiEnabled: false, se:cdpEnabled: false, setWindowRect: true, strictFileInteractability: false, timeouts: {implicit: 0, pageLoad: 300000, script: 30000}, unhandledPromptBehavior: dismiss and notify, userAgent: Mozilla/5.0 (Windows NT 10....}
Session ID: 5a66fd4d-db5a-42c4-92da-aa5626a4ab0c]]>
            </message>
            <full-stacktrace>
              <![CDATA[org.openqa.selenium.NoSuchElementException: Unable to locate element: //span[normalize-space()='My Account']
For documentation on this error, please visit: https://www.selenium.dev/documentation/webdriver/troubleshooting/errors#nosuchelementexception
Build info: version: '4.38.0', revision: '6b412e825c*'
System info: os.name: 'Windows 11', os.arch: 'amd64', os.version: '10.0', java.version: '17.0.12'
Driver info: org.openqa.selenium.remote.RemoteWebDriver
Command: [5a66fd4d-db5a-42c4-92da-aa5626a4ab0c, findElement {using=xpath, value=//span[normalize-space()='My Account']}]
Capabilities {acceptInsecureCerts: true, browserName: firefox, browserVersion: 143.0.4, moz:accessibilityChecks: false, moz:buildID: 20251003115653, moz:firefoxOptions: {binary: C:\Program Files\Mozilla Fi..., prefs: {remote.active-protocols: 1}}, moz:geckodriverVersion: 0.36.0, moz:headless: false, moz:platformVersion: 10.0, moz:processID: 1780, moz:profile: C:\Users\Sumit\AppData\Loca..., moz:shutdownTimeout: 60000, moz:webdriverClick: true, moz:windowless: false, pageLoadStrategy: normal, platformName: Windows 11, proxy: Proxy(), se:bidiEnabled: false, se:cdpEnabled: false, setWindowRect: true, strictFileInteractability: false, timeouts: {implicit: 0, pageLoad: 300000, script: 30000}, unhandledPromptBehavior: dismiss and notify, userAgent: Mozilla/5.0 (Windows NT 10....}
Session ID: 5a66fd4d-db5a-42c4-92da-aa5626a4ab0c
at java.base/jdk.internal.reflect.NativeConstructorAccessorImpl.newInstance0(Native Method)
at java.base/jdk.internal.reflect.NativeConstructorAccessorImpl.newInstance(NativeConstructorAccessorImpl.java:77)
at java.base/jdk.internal.reflect.DelegatingConstructorAccessorImpl.newInstance(DelegatingConstructorAccessorImpl.java:45)
at java.base/java.lang.reflect.Constructor.newInstanceWithCaller(Constructor.java:499)
at java.base/java.lang.reflect.Constructor.newInstance(Constructor.java:480)
at org.openqa.selenium.remote.ErrorCodec.decode(ErrorCodec.java:167)
at org.openqa.selenium.remote.codec.w3c.W3CHttpResponseCodec.decode(W3CHttpResponseCodec.java:138)
at org.openqa.selenium.remote.codec.w3c.W3CHttpResponseCodec.decode(W3CHttpResponseCodec.java:50)
at org.openqa.selenium.remote.HttpCommandExecutor.execute(HttpCommandExecutor.java:215)
at org.openqa.selenium.remote.TracedCommandExecutor.execute(TracedCommandExecutor.java:53)
at org.openqa.selenium.remote.RemoteWebDriver.execute(RemoteWebDriver.java:557)
at org.openqa.selenium.remote.ElementLocation$ElementFinder$2.findElement(ElementLocation.java:165)
at org.openqa.selenium.remote.ElementLocation.findElement(ElementLocation.java:59)
at org.openqa.selenium.remote.RemoteWebDriver.findElement(RemoteWebDriver.java:380)
at org.openqa.selenium.remote.RemoteWebDriver.findElement(RemoteWebDriver.java:374)
at org.openqa.selenium.support.pagefactory.DefaultElementLocator.findElement(DefaultElementLocator.java:68)
at org.openqa.selenium.support.pagefactory.internal.LocatingElementHandler.invoke(LocatingElementHandler.java:38)
at jdk.proxy2/jdk.proxy2.$Proxy30.click(Unknown Source)
at pageObjects.HomePage.clickMyAccountDrpMenu(HomePage.java:20)
at TestCases.TC001_VerifyAccountRegistrationTest.verifyAccountRegistration(TC001_VerifyAccountRegistrationTest.java:19)
at java.base/jdk.internal.reflect.NativeMethodAccessorImpl.invoke0(Native Method)
at java.base/jdk.internal.reflect.NativeMethodAccessorImpl.invoke(NativeMethodAccessorImpl.java:77)
at java.base/jdk.internal.reflect.DelegatingMethodAccessorImpl.invoke(DelegatingMethodAccessorImpl.java:43)
at java.base/java.lang.reflect.Method.invoke(Method.java:568)
at org.testng.internal.invokers.MethodInvocationHelper.invokeMethod(MethodInvocationHelper.java:141)
at org.testng.internal.invokers.TestInvoker.invokeMethod(TestInvoker.java:687)
at org.testng.internal.invokers.TestInvoker.invokeTestMethod(TestInvoker.java:230)
at org.testng.internal.invokers.MethodRunner.runInSequence(MethodRunner.java:63)
at org.testng.internal.invokers.TestInvoker$MethodInvocationAgent.invoke(TestInvoker.java:995)
at org.testng.internal.invokers.TestInvoker.invokeTestMethods(TestInvoker.java:203)
at org.testng.internal.invokers.TestMethodWorker.invokeTestMethods(TestMethodWorker.java:154)
at org.testng.internal.invokers.TestMethodWorker.run(TestMethodWorker.java:134)
at java.base/java.util.ArrayList.forEach(ArrayList.java:1511)
at org.testng.TestRunner.privateRun(TestRunner.java:741)
at org.testng.TestRunner.run(TestRunner.java:616)
at org.testng.SuiteRunner.runTest(SuiteRunner.java:421)
at org.testng.SuiteRunner.runSequentially(SuiteRunner.java:413)
at org.testng.SuiteRunner.privateRun(SuiteRunner.java:373)
at org.testng.SuiteRunner.run(SuiteRunner.java:312)
at org.testng.SuiteRunnerWorker.runSuite(SuiteRunnerWorker.java:52)
at org.testng.SuiteRunnerWorker.run(SuiteRunnerWorker.java:95)
at org.testng.TestNG.runSuitesSequentially(TestNG.java:1274)
at org.testng.TestNG.runSuitesLocally(TestNG.java:1208)
at org.testng.TestNG.runSuites(TestNG.java:1112)
at org.testng.TestNG.run(TestNG.java:1079)
at org.testng.remote.AbstractRemoteTestNG.run(AbstractRemoteTestNG.java:115)
at org.testng.remote.RemoteTestNG.initAndRun(RemoteTestNG.java:293)
at org.testng.remote.RemoteTestNG.main(RemoteTestNG.java:91)
]]>
            </full-stacktrace>
          </exception> <!-- org.openqa.selenium.NoSuchElementException -->
          <reporter-output>
          </reporter-output>
        </test-method> <!-- verifyAccountRegistration -->
        <test-method is-config="true" signature="tearDown()[pri:0, instance:TestCases.TC001_VerifyAccountRegistrationTest@3a4621bd]" started-at="2025-11-23T15:30:34 IST" name="tearDown" finished-at="2025-11-23T15:30:35 IST" duration-ms="1158" status="PASS">
          <reporter-output>
          </reporter-output>
        </test-method> <!-- tearDown -->
      </class> <!-- TestCases.TC001_VerifyAccountRegistrationTest -->
    </test> <!-- firefox Test -->
  </suite> <!-- Suite -->
</testng-results>
